{"/home/pp/Escritorio/Proyectos/sipc/app/components/Advise.vue": {"path":"/home/pp/Escritorio/Proyectos/sipc/app/components/Advise.vue","statementMap":{"0":{"start":{"line":2,"column":11},"end":{"line":2,"column":null}},"1":{"start":{"line":2,"column":2},"end":{"line":4,"column":117}}},"fnMap":{},"branchMap":{"0":{"loc":{"start":{"line":5,"column":12},"end":{"line":4,"column":117}},"type":"binary-expr","locations":[{"start":{"line":5,"column":12},"end":{"line":5,"column":null}},{"start":{"line":5,"column":12},"end":{"line":4,"column":117}}],"line":5}},"s":{"0":1,"1":1},"f":{},"b":{"0":[1,1]},"meta":{"lastBranch":1,"lastFunction":0,"lastStatement":2,"seen":{"s:2:11:2:Infinity":0,"s:2:2:4:117":1,"b:5:12:5:Infinity:5:12:4:117":0},"fnNames":{}}}
,"/home/pp/Escritorio/Proyectos/sipc/app/components/Footer.vue": {"path":"/home/pp/Escritorio/Proyectos/sipc/app/components/Footer.vue","statementMap":{"0":{"start":{"line":2,"column":10},"end":{"line":2,"column":null}},"1":{"start":{"line":2,"column":2},"end":{"line":28,"column":null}}},"fnMap":{},"branchMap":{"0":{"loc":{"start":{"line":28,"column":11},"end":{"line":28,"column":null}},"type":"binary-expr","locations":[{"start":{"line":28,"column":11},"end":{"line":28,"column":null}},{"start":{"line":28,"column":11},"end":{"line":28,"column":null}}],"line":28}},"s":{"0":1,"1":1},"f":{},"b":{"0":[1,1]},"meta":{"lastBranch":1,"lastFunction":0,"lastStatement":2,"seen":{"s:2:10:2:Infinity":0,"s:2:2:28:Infinity":1,"b:28:11:28:Infinity:28:11:28:Infinity":0},"fnNames":{}}}
,"/home/pp/Escritorio/Proyectos/sipc/app/components/Form.vue": {"path":"/home/pp/Escritorio/Proyectos/sipc/app/components/Form.vue","statementMap":{"0":{"start":{"line":257,"column":0},"end":{"line":274,"column":null}},"1":{"start":{"line":276,"column":14},"end":{"line":276,"column":31}},"2":{"start":{"line":279,"column":18},"end":{"line":279,"column":22}},"3":{"start":{"line":280,"column":19},"end":{"line":280,"column":23}},"4":{"start":{"line":281,"column":12},"end":{"line":281,"column":16}},"5":{"start":{"line":282,"column":19},"end":{"line":282,"column":23}},"6":{"start":{"line":284,"column":11},"end":{"line":284,"column":21}},"7":{"start":{"line":285,"column":14},"end":{"line":285,"column":24}},"8":{"start":{"line":286,"column":19},"end":{"line":286,"column":29}},"9":{"start":{"line":287,"column":21},"end":{"line":287,"column":31}},"10":{"start":{"line":288,"column":17},"end":{"line":288,"column":27}},"11":{"start":{"line":289,"column":15},"end":{"line":289,"column":25}},"12":{"start":{"line":290,"column":21},"end":{"line":290,"column":31}},"13":{"start":{"line":291,"column":21},"end":{"line":291,"column":28}},"14":{"start":{"line":292,"column":21},"end":{"line":292,"column":31}},"15":{"start":{"line":293,"column":16},"end":{"line":293,"column":26}},"16":{"start":{"line":294,"column":15},"end":{"line":294,"column":25}},"17":{"start":{"line":295,"column":19},"end":{"line":295,"column":26}},"18":{"start":{"line":296,"column":18},"end":{"line":296,"column":28}},"19":{"start":{"line":297,"column":29},"end":{"line":297,"column":39}},"20":{"start":{"line":298,"column":21},"end":{"line":298,"column":31}},"21":{"start":{"line":299,"column":24},"end":{"line":299,"column":34}},"22":{"start":{"line":308,"column":4},"end":{"line":311,"column":null}},"23":{"start":{"line":310,"column":8},"end":{"line":310,"column":null}},"24":{"start":{"line":312,"column":4},"end":{"line":328,"column":null}},"25":{"start":{"line":338,"column":4},"end":{"line":349,"column":null}},"26":{"start":{"line":339,"column":8},"end":{"line":348,"column":null}},"27":{"start":{"line":340,"column":12},"end":{"line":340,"column":null}},"28":{"start":{"line":342,"column":28},"end":{"line":347,"column":19}},"29":{"start":{"line":343,"column":16},"end":{"line":346,"column":null}},"30":{"start":{"line":344,"column":20},"end":{"line":344,"column":null}},"31":{"start":{"line":345,"column":20},"end":{"line":345,"column":null}},"32":{"start":{"line":352,"column":0},"end":{"line":384,"column":null}},"33":{"start":{"line":353,"column":4},"end":{"line":383,"column":null}},"34":{"start":{"line":354,"column":8},"end":{"line":354,"column":null}},"35":{"start":{"line":357,"column":8},"end":{"line":365,"column":null}},"36":{"start":{"line":358,"column":35},"end":{"line":358,"column":86}},"37":{"start":{"line":359,"column":12},"end":{"line":362,"column":null}},"38":{"start":{"line":360,"column":16},"end":{"line":360,"column":null}},"39":{"start":{"line":367,"column":25},"end":{"line":367,"column":78}},"40":{"start":{"line":368,"column":8},"end":{"line":368,"column":null}},"41":{"start":{"line":368,"column":26},"end":{"line":368,"column":null}},"42":{"start":{"line":369,"column":23},"end":{"line":369,"column":51}},"43":{"start":{"line":370,"column":29},"end":{"line":370,"column":53}},"44":{"start":{"line":372,"column":19},"end":{"line":372,"column":68}},"45":{"start":{"line":373,"column":19},"end":{"line":373,"column":61}},"46":{"start":{"line":374,"column":19},"end":{"line":374,"column":71}},"47":{"start":{"line":375,"column":19},"end":{"line":375,"column":62}},"48":{"start":{"line":377,"column":8},"end":{"line":377,"column":null}},"49":{"start":{"line":378,"column":8},"end":{"line":378,"column":null}},"50":{"start":{"line":379,"column":8},"end":{"line":379,"column":null}},"51":{"start":{"line":380,"column":8},"end":{"line":380,"column":null}},"52":{"start":{"line":390,"column":4},"end":{"line":390,"column":null}},"53":{"start":{"line":405,"column":23},"end":{"line":421,"column":5}},"54":{"start":{"line":423,"column":22},"end":{"line":423,"column":37}},"55":{"start":{"line":424,"column":4},"end":{"line":431,"column":null}},"56":{"start":{"line":425,"column":8},"end":{"line":427,"column":null}},"57":{"start":{"line":426,"column":12},"end":{"line":426,"column":null}},"58":{"start":{"line":433,"column":28},"end":{"line":433,"column":54}},"59":{"start":{"line":435,"column":21},"end":{"line":435,"column":57}},"60":{"start":{"line":438,"column":28},"end":{"line":438,"column":75}},"61":{"start":{"line":439,"column":4},"end":{"line":439,"column":null}},"62":{"start":{"line":2,"column":9},"end":{"line":2,"column":null}},"63":{"start":{"line":9,"column":17},"end":{"line":9,"column":null}},"64":{"start":{"line":13,"column":20},"end":{"line":13,"column":null}},"65":{"start":{"line":14,"column":24},"end":{"line":14,"column":null}},"66":{"start":{"line":19,"column":25},"end":{"line":19,"column":null}},"67":{"start":{"line":20,"column":29},"end":{"line":20,"column":null}},"68":{"start":{"line":25,"column":29},"end":{"line":25,"column":null}},"69":{"start":{"line":27,"column":33},"end":{"line":27,"column":null}},"70":{"start":{"line":41,"column":29},"end":{"line":41,"column":null}},"71":{"start":{"line":43,"column":33},"end":{"line":43,"column":null}},"72":{"start":{"line":65,"column":20},"end":{"line":65,"column":null}},"73":{"start":{"line":66,"column":24},"end":{"line":66,"column":null}},"74":{"start":{"line":71,"column":25},"end":{"line":71,"column":null}},"75":{"start":{"line":72,"column":29},"end":{"line":72,"column":null}},"76":{"start":{"line":81,"column":29},"end":{"line":81,"column":null}},"77":{"start":{"line":83,"column":33},"end":{"line":83,"column":null}},"78":{"start":{"line":102,"column":29},"end":{"line":102,"column":null}},"79":{"start":{"line":105,"column":38},"end":{"line":105,"column":95}},"80":{"start":{"line":112,"column":29},"end":{"line":112,"column":null}},"81":{"start":{"line":115,"column":38},"end":{"line":115,"column":95}},"82":{"start":{"line":126,"column":20},"end":{"line":126,"column":null}},"83":{"start":{"line":127,"column":24},"end":{"line":127,"column":null}},"84":{"start":{"line":132,"column":25},"end":{"line":132,"column":null}},"85":{"start":{"line":133,"column":29},"end":{"line":133,"column":null}},"86":{"start":{"line":134,"column":33},"end":{"line":134,"column":null}},"87":{"start":{"line":138,"column":33},"end":{"line":138,"column":null}},"88":{"start":{"line":144,"column":29},"end":{"line":144,"column":null}},"89":{"start":{"line":145,"column":33},"end":{"line":145,"column":null}},"90":{"start":{"line":149,"column":33},"end":{"line":149,"column":null}},"91":{"start":{"line":156,"column":29},"end":{"line":156,"column":null}},"92":{"start":{"line":157,"column":33},"end":{"line":157,"column":null}},"93":{"start":{"line":165,"column":33},"end":{"line":165,"column":null}},"94":{"start":{"line":175,"column":29},"end":{"line":175,"column":null}},"95":{"start":{"line":184,"column":29},"end":{"line":184,"column":null}},"96":{"start":{"line":2,"column":4},"end":{"line":247,"column":29}},"97":{"start":{"line":22,"column":76},"end":{"line":22,"column":81}},"98":{"start":{"line":28,"column":62},"end":{"line":28,"column":null}},"99":{"start":{"line":33,"column":62},"end":{"line":33,"column":null}},"100":{"start":{"line":47,"column":76},"end":{"line":47,"column":null}},"101":{"start":{"line":54,"column":76},"end":{"line":54,"column":null}},"102":{"start":{"line":74,"column":60},"end":{"line":74,"column":69}},"103":{"start":{"line":84,"column":62},"end":{"line":84,"column":null}},"104":{"start":{"line":89,"column":62},"end":{"line":89,"column":null}},"105":{"start":{"line":94,"column":62},"end":{"line":94,"column":null}},"106":{"start":{"line":108,"column":74},"end":{"line":108,"column":89}},"107":{"start":{"line":118,"column":74},"end":{"line":118,"column":87}},"108":{"start":{"line":136,"column":84},"end":{"line":136,"column":97}},"109":{"start":{"line":140,"column":84},"end":{"line":140,"column":99}},"110":{"start":{"line":147,"column":84},"end":{"line":147,"column":95}},"111":{"start":{"line":151,"column":84},"end":{"line":151,"column":96}},"112":{"start":{"line":159,"column":62},"end":{"line":159,"column":null}},"113":{"start":{"line":167,"column":62},"end":{"line":167,"column":null}},"114":{"start":{"line":177,"column":58},"end":{"line":177,"column":null}},"115":{"start":{"line":186,"column":78},"end":{"line":186,"column":93}},"116":{"start":{"line":249,"column":18},"end":{"line":247,"column":29}},"117":{"start":{"line":217,"column":24},"end":{"line":217,"column":null}},"118":{"start":{"line":220,"column":36},"end":{"line":220,"column":null}},"119":{"start":{"line":244,"column":36},"end":{"line":244,"column":null}}},"fnMap":{"0":{"name":"predictHeartDisease","decl":{"start":{"line":307,"column":15},"end":{"line":307,"column":34}},"loc":{"start":{"line":307,"column":37},"end":{"line":329,"column":null}},"line":307},"1":{"name":"waitForTf","decl":{"start":{"line":337,"column":15},"end":{"line":337,"column":24}},"loc":{"start":{"line":337,"column":27},"end":{"line":350,"column":null}},"line":337},"2":{"name":"(anonymous_2)","decl":{"start":{"line":338,"column":23},"end":{"line":338,"column":24}},"loc":{"start":{"line":338,"column":36},"end":{"line":349,"column":5}},"line":338},"3":{"name":"(anonymous_3)","decl":{"start":{"line":342,"column":40},"end":{"line":342,"column":41}},"loc":{"start":{"line":342,"column":46},"end":{"line":347,"column":13}},"line":342},"4":{"name":"(anonymous_4)","decl":{"start":{"line":352,"column":10},"end":{"line":352,"column":15}},"loc":{"start":{"line":352,"column":22},"end":{"line":384,"column":1}},"line":352},"5":{"name":"dataReset","decl":{"start":{"line":389,"column":9},"end":{"line":389,"column":18}},"loc":{"start":{"line":389,"column":21},"end":{"line":391,"column":null}},"line":389},"6":{"name":"makePrediction","decl":{"start":{"line":402,"column":15},"end":{"line":402,"column":29}},"loc":{"start":{"line":402,"column":41},"end":{"line":440,"column":null}},"line":402},"7":{"name":"(anonymous_7)","decl":{"start":{"line":425,"column":37},"end":{"line":425,"column":38}},"loc":{"start":{"line":425,"column":49},"end":{"line":427,"column":9}},"line":425},"8":{"name":"(anonymous_8)","decl":{"start":{"line":22,"column":76},"end":{"line":22,"column":79}},"loc":{"start":{"line":22,"column":76},"end":{"line":22,"column":81}},"line":22},"9":{"name":"(anonymous_9)","decl":{"start":{"line":28,"column":60},"end":{"line":28,"column":62}},"loc":{"start":{"line":28,"column":62},"end":{"line":28,"column":null}},"line":28},"10":{"name":"(anonymous_10)","decl":{"start":{"line":33,"column":60},"end":{"line":33,"column":62}},"loc":{"start":{"line":33,"column":62},"end":{"line":33,"column":null}},"line":33},"11":{"name":"(anonymous_11)","decl":{"start":{"line":47,"column":76},"end":{"line":47,"column":89}},"loc":{"start":{"line":47,"column":76},"end":{"line":47,"column":null}},"line":47},"12":{"name":"(anonymous_12)","decl":{"start":{"line":54,"column":76},"end":{"line":54,"column":89}},"loc":{"start":{"line":54,"column":76},"end":{"line":54,"column":null}},"line":54},"13":{"name":"(anonymous_13)","decl":{"start":{"line":74,"column":60},"end":{"line":74,"column":67}},"loc":{"start":{"line":74,"column":60},"end":{"line":74,"column":69}},"line":74},"14":{"name":"(anonymous_14)","decl":{"start":{"line":84,"column":60},"end":{"line":84,"column":62}},"loc":{"start":{"line":84,"column":62},"end":{"line":84,"column":null}},"line":84},"15":{"name":"(anonymous_15)","decl":{"start":{"line":89,"column":60},"end":{"line":89,"column":62}},"loc":{"start":{"line":89,"column":62},"end":{"line":89,"column":null}},"line":89},"16":{"name":"(anonymous_16)","decl":{"start":{"line":94,"column":60},"end":{"line":94,"column":62}},"loc":{"start":{"line":94,"column":62},"end":{"line":94,"column":null}},"line":94},"17":{"name":"(anonymous_17)","decl":{"start":{"line":108,"column":74},"end":{"line":108,"column":87}},"loc":{"start":{"line":108,"column":74},"end":{"line":108,"column":89}},"line":108},"18":{"name":"(anonymous_18)","decl":{"start":{"line":118,"column":74},"end":{"line":118,"column":85}},"loc":{"start":{"line":118,"column":74},"end":{"line":118,"column":87}},"line":118},"19":{"name":"(anonymous_19)","decl":{"start":{"line":136,"column":84},"end":{"line":136,"column":95}},"loc":{"start":{"line":136,"column":84},"end":{"line":136,"column":97}},"line":136},"20":{"name":"(anonymous_20)","decl":{"start":{"line":140,"column":84},"end":{"line":140,"column":97}},"loc":{"start":{"line":140,"column":84},"end":{"line":140,"column":99}},"line":140},"21":{"name":"(anonymous_21)","decl":{"start":{"line":147,"column":84},"end":{"line":147,"column":93}},"loc":{"start":{"line":147,"column":84},"end":{"line":147,"column":95}},"line":147},"22":{"name":"(anonymous_22)","decl":{"start":{"line":151,"column":84},"end":{"line":151,"column":94}},"loc":{"start":{"line":151,"column":84},"end":{"line":151,"column":96}},"line":151},"23":{"name":"(anonymous_23)","decl":{"start":{"line":159,"column":60},"end":{"line":159,"column":62}},"loc":{"start":{"line":159,"column":62},"end":{"line":159,"column":null}},"line":159},"24":{"name":"(anonymous_24)","decl":{"start":{"line":167,"column":60},"end":{"line":167,"column":62}},"loc":{"start":{"line":167,"column":62},"end":{"line":167,"column":null}},"line":167},"25":{"name":"(anonymous_25)","decl":{"start":{"line":177,"column":56},"end":{"line":177,"column":58}},"loc":{"start":{"line":177,"column":58},"end":{"line":177,"column":null}},"line":177},"26":{"name":"(anonymous_26)","decl":{"start":{"line":186,"column":78},"end":{"line":186,"column":91}},"loc":{"start":{"line":186,"column":78},"end":{"line":186,"column":93}},"line":186},"27":{"name":"(anonymous_27)","decl":{"start":{"line":215,"column":12},"end":{"line":215,"column":23}},"loc":{"start":{"line":249,"column":18},"end":{"line":247,"column":29}},"line":249},"28":{"name":"(anonymous_28)","decl":{"start":{"line":217,"column":22},"end":{"line":217,"column":24}},"loc":{"start":{"line":217,"column":24},"end":{"line":217,"column":null}},"line":217},"29":{"name":"(anonymous_29)","decl":{"start":{"line":219,"column":20},"end":{"line":219,"column":21}},"loc":{"start":{"line":219,"column":20},"end":{"line":219,"column":21}},"line":219},"30":{"name":"(anonymous_30)","decl":{"start":{"line":220,"column":34},"end":{"line":220,"column":36}},"loc":{"start":{"line":220,"column":36},"end":{"line":220,"column":null}},"line":220},"31":{"name":"(anonymous_31)","decl":{"start":{"line":244,"column":34},"end":{"line":244,"column":36}},"loc":{"start":{"line":244,"column":36},"end":{"line":244,"column":null}},"line":244}},"branchMap":{"0":{"loc":{"start":{"line":308,"column":4},"end":{"line":311,"column":null}},"type":"if","locations":[{"start":{"line":308,"column":4},"end":{"line":311,"column":null}},{"start":{},"end":{}}],"line":308},"1":{"loc":{"start":{"line":339,"column":8},"end":{"line":348,"column":null}},"type":"if","locations":[{"start":{"line":339,"column":8},"end":{"line":348,"column":null}},{"start":{"line":341,"column":15},"end":{"line":348,"column":null}}],"line":339},"2":{"loc":{"start":{"line":343,"column":16},"end":{"line":346,"column":null}},"type":"if","locations":[{"start":{"line":343,"column":16},"end":{"line":346,"column":null}},{"start":{},"end":{}}],"line":343},"3":{"loc":{"start":{"line":359,"column":12},"end":{"line":362,"column":null}},"type":"if","locations":[{"start":{"line":359,"column":12},"end":{"line":362,"column":null}},{"start":{},"end":{}}],"line":359},"4":{"loc":{"start":{"line":368,"column":8},"end":{"line":368,"column":null}},"type":"if","locations":[{"start":{"line":368,"column":8},"end":{"line":368,"column":null}},{"start":{},"end":{}}],"line":368},"5":{"loc":{"start":{"line":406,"column":8},"end":{"line":406,"column":34}},"type":"binary-expr","locations":[{"start":{"line":406,"column":8},"end":{"line":406,"column":29}},{"start":{"line":406,"column":33},"end":{"line":406,"column":34}}],"line":406},"6":{"loc":{"start":{"line":407,"column":8},"end":{"line":407,"column":37}},"type":"binary-expr","locations":[{"start":{"line":407,"column":8},"end":{"line":407,"column":32}},{"start":{"line":407,"column":36},"end":{"line":407,"column":37}}],"line":407},"7":{"loc":{"start":{"line":408,"column":8},"end":{"line":408,"column":42}},"type":"binary-expr","locations":[{"start":{"line":408,"column":8},"end":{"line":408,"column":37}},{"start":{"line":408,"column":41},"end":{"line":408,"column":42}}],"line":408},"8":{"loc":{"start":{"line":409,"column":8},"end":{"line":409,"column":44}},"type":"binary-expr","locations":[{"start":{"line":409,"column":8},"end":{"line":409,"column":39}},{"start":{"line":409,"column":43},"end":{"line":409,"column":44}}],"line":409},"9":{"loc":{"start":{"line":410,"column":8},"end":{"line":410,"column":40}},"type":"binary-expr","locations":[{"start":{"line":410,"column":8},"end":{"line":410,"column":35}},{"start":{"line":410,"column":39},"end":{"line":410,"column":40}}],"line":410},"10":{"loc":{"start":{"line":411,"column":8},"end":{"line":411,"column":38}},"type":"binary-expr","locations":[{"start":{"line":411,"column":8},"end":{"line":411,"column":33}},{"start":{"line":411,"column":37},"end":{"line":411,"column":38}}],"line":411},"11":{"loc":{"start":{"line":412,"column":8},"end":{"line":412,"column":44}},"type":"binary-expr","locations":[{"start":{"line":412,"column":8},"end":{"line":412,"column":39}},{"start":{"line":412,"column":43},"end":{"line":412,"column":44}}],"line":412},"12":{"loc":{"start":{"line":413,"column":8},"end":{"line":413,"column":44}},"type":"binary-expr","locations":[{"start":{"line":413,"column":8},"end":{"line":413,"column":39}},{"start":{"line":413,"column":43},"end":{"line":413,"column":44}}],"line":413},"13":{"loc":{"start":{"line":414,"column":8},"end":{"line":414,"column":44}},"type":"binary-expr","locations":[{"start":{"line":414,"column":8},"end":{"line":414,"column":39}},{"start":{"line":414,"column":43},"end":{"line":414,"column":44}}],"line":414},"14":{"loc":{"start":{"line":415,"column":8},"end":{"line":415,"column":39}},"type":"binary-expr","locations":[{"start":{"line":415,"column":8},"end":{"line":415,"column":34}},{"start":{"line":415,"column":38},"end":{"line":415,"column":39}}],"line":415},"15":{"loc":{"start":{"line":416,"column":8},"end":{"line":416,"column":38}},"type":"binary-expr","locations":[{"start":{"line":416,"column":8},"end":{"line":416,"column":33}},{"start":{"line":416,"column":37},"end":{"line":416,"column":38}}],"line":416},"16":{"loc":{"start":{"line":417,"column":8},"end":{"line":417,"column":42}},"type":"binary-expr","locations":[{"start":{"line":417,"column":8},"end":{"line":417,"column":37}},{"start":{"line":417,"column":41},"end":{"line":417,"column":42}}],"line":417},"17":{"loc":{"start":{"line":418,"column":8},"end":{"line":418,"column":41}},"type":"binary-expr","locations":[{"start":{"line":418,"column":8},"end":{"line":418,"column":36}},{"start":{"line":418,"column":40},"end":{"line":418,"column":41}}],"line":418},"18":{"loc":{"start":{"line":419,"column":8},"end":{"line":419,"column":52}},"type":"binary-expr","locations":[{"start":{"line":419,"column":8},"end":{"line":419,"column":47}},{"start":{"line":419,"column":51},"end":{"line":419,"column":52}}],"line":419},"19":{"loc":{"start":{"line":420,"column":8},"end":{"line":420,"column":44}},"type":"binary-expr","locations":[{"start":{"line":420,"column":8},"end":{"line":420,"column":39}},{"start":{"line":420,"column":43},"end":{"line":420,"column":44}}],"line":420},"20":{"loc":{"start":{"line":424,"column":4},"end":{"line":431,"column":null}},"type":"if","locations":[{"start":{"line":424,"column":4},"end":{"line":431,"column":null}},{"start":{"line":429,"column":11},"end":{"line":431,"column":null}}],"line":424},"21":{"loc":{"start":{"line":424,"column":8},"end":{"line":424,"column":63}},"type":"binary-expr","locations":[{"start":{"line":424,"column":8},"end":{"line":424,"column":20}},{"start":{"line":424,"column":24},"end":{"line":424,"column":41}},{"start":{"line":424,"column":45},"end":{"line":424,"column":63}}],"line":424},"22":{"loc":{"start":{"line":3,"column":8},"end":{"line":5,"column":52}},"type":"binary-expr","locations":[{"start":{"line":3,"column":8},"end":{"line":3,"column":null}},{"start":{"line":3,"column":8},"end":{"line":5,"column":52}}],"line":3},"23":{"loc":{"start":{"line":15,"column":92},"end":{"line":17,"column":25}},"type":"binary-expr","locations":[{"start":{"line":15,"column":92},"end":{"line":15,"column":null}},{"start":{"line":15,"column":92},"end":{"line":17,"column":25}}],"line":15},"24":{"loc":{"start":{"line":21,"column":28},"end":{"line":21,"column":102}},"type":"binary-expr","locations":[{"start":{"line":21,"column":28},"end":{"line":21,"column":35}},{"start":{"line":21,"column":28},"end":{"line":21,"column":102}}],"line":21},"25":{"loc":{"start":{"line":22,"column":76},"end":{"line":22,"column":81}},"type":"binary-expr","locations":[{"start":{"line":22,"column":76},"end":{"line":22,"column":79}},{"start":{"line":22,"column":76},"end":{"line":22,"column":81}}],"line":22},"26":{"loc":{"start":{"line":26,"column":28},"end":{"line":26,"column":87}},"type":"binary-expr","locations":[{"start":{"line":26,"column":28},"end":{"line":26,"column":35}},{"start":{"line":26,"column":28},"end":{"line":26,"column":87}}],"line":26},"27":{"loc":{"start":{"line":28,"column":60},"end":{"line":28,"column":null}},"type":"binary-expr","locations":[{"start":{"line":28,"column":60},"end":{"line":28,"column":62}},{"start":{"line":28,"column":60},"end":{"line":28,"column":null}}],"line":28},"28":{"loc":{"start":{"line":30,"column":44},"end":{"line":30,"column":199}},"type":"cond-expr","locations":[{"start":{"line":30,"column":50},"end":{"line":30,"column":199}},{"start":{"line":30,"column":50},"end":{"line":30,"column":199}}],"line":30},"29":{"loc":{"start":{"line":33,"column":60},"end":{"line":33,"column":null}},"type":"binary-expr","locations":[{"start":{"line":33,"column":60},"end":{"line":33,"column":62}},{"start":{"line":33,"column":60},"end":{"line":33,"column":null}}],"line":33},"30":{"loc":{"start":{"line":35,"column":44},"end":{"line":35,"column":199}},"type":"cond-expr","locations":[{"start":{"line":35,"column":50},"end":{"line":35,"column":199}},{"start":{"line":35,"column":50},"end":{"line":35,"column":199}}],"line":35},"31":{"loc":{"start":{"line":42,"column":28},"end":{"line":42,"column":99}},"type":"binary-expr","locations":[{"start":{"line":42,"column":28},"end":{"line":42,"column":35}},{"start":{"line":42,"column":28},"end":{"line":42,"column":99}}],"line":42},"32":{"loc":{"start":{"line":46,"column":44},"end":{"line":46,"column":null}},"type":"cond-expr","locations":[{"start":{"line":46,"column":57},"end":{"line":46,"column":null}},{"start":{"line":46,"column":57},"end":{"line":46,"column":null}}],"line":46},"33":{"loc":{"start":{"line":47,"column":76},"end":{"line":47,"column":null}},"type":"binary-expr","locations":[{"start":{"line":47,"column":76},"end":{"line":47,"column":89}},{"start":{"line":47,"column":76},"end":{"line":47,"column":null}}],"line":47},"34":{"loc":{"start":{"line":49,"column":36},"end":{"line":49,"column":67}},"type":"binary-expr","locations":[{"start":{"line":49,"column":36},"end":{"line":49,"column":42}},{"start":{"line":49,"column":36},"end":{"line":49,"column":67}}],"line":49},"35":{"loc":{"start":{"line":53,"column":44},"end":{"line":53,"column":null}},"type":"cond-expr","locations":[{"start":{"line":53,"column":57},"end":{"line":53,"column":null}},{"start":{"line":53,"column":57},"end":{"line":53,"column":null}}],"line":53},"36":{"loc":{"start":{"line":54,"column":76},"end":{"line":54,"column":null}},"type":"binary-expr","locations":[{"start":{"line":54,"column":76},"end":{"line":54,"column":89}},{"start":{"line":54,"column":76},"end":{"line":54,"column":null}}],"line":54},"37":{"loc":{"start":{"line":56,"column":36},"end":{"line":56,"column":67}},"type":"binary-expr","locations":[{"start":{"line":56,"column":36},"end":{"line":56,"column":42}},{"start":{"line":56,"column":36},"end":{"line":56,"column":67}}],"line":56},"38":{"loc":{"start":{"line":67,"column":101},"end":{"line":69,"column":25}},"type":"binary-expr","locations":[{"start":{"line":67,"column":101},"end":{"line":67,"column":null}},{"start":{"line":67,"column":101},"end":{"line":69,"column":25}}],"line":67},"39":{"loc":{"start":{"line":73,"column":28},"end":{"line":73,"column":102}},"type":"binary-expr","locations":[{"start":{"line":73,"column":28},"end":{"line":73,"column":35}},{"start":{"line":73,"column":28},"end":{"line":73,"column":102}}],"line":73},"40":{"loc":{"start":{"line":74,"column":60},"end":{"line":74,"column":69}},"type":"binary-expr","locations":[{"start":{"line":74,"column":60},"end":{"line":74,"column":67}},{"start":{"line":74,"column":60},"end":{"line":74,"column":69}}],"line":74},"41":{"loc":{"start":{"line":82,"column":28},"end":{"line":82,"column":99}},"type":"binary-expr","locations":[{"start":{"line":82,"column":28},"end":{"line":82,"column":35}},{"start":{"line":82,"column":28},"end":{"line":82,"column":99}}],"line":82},"42":{"loc":{"start":{"line":84,"column":60},"end":{"line":84,"column":null}},"type":"binary-expr","locations":[{"start":{"line":84,"column":60},"end":{"line":84,"column":62}},{"start":{"line":84,"column":60},"end":{"line":84,"column":null}}],"line":84},"43":{"loc":{"start":{"line":86,"column":44},"end":{"line":86,"column":209}},"type":"cond-expr","locations":[{"start":{"line":86,"column":57},"end":{"line":86,"column":209}},{"start":{"line":86,"column":57},"end":{"line":86,"column":209}}],"line":86},"44":{"loc":{"start":{"line":89,"column":60},"end":{"line":89,"column":null}},"type":"binary-expr","locations":[{"start":{"line":89,"column":60},"end":{"line":89,"column":62}},{"start":{"line":89,"column":60},"end":{"line":89,"column":null}}],"line":89},"45":{"loc":{"start":{"line":91,"column":44},"end":{"line":91,"column":214}},"type":"cond-expr","locations":[{"start":{"line":91,"column":57},"end":{"line":91,"column":214}},{"start":{"line":91,"column":57},"end":{"line":91,"column":214}}],"line":91},"46":{"loc":{"start":{"line":94,"column":60},"end":{"line":94,"column":null}},"type":"binary-expr","locations":[{"start":{"line":94,"column":60},"end":{"line":94,"column":62}},{"start":{"line":94,"column":60},"end":{"line":94,"column":null}}],"line":94},"47":{"loc":{"start":{"line":96,"column":44},"end":{"line":96,"column":199}},"type":"cond-expr","locations":[{"start":{"line":96,"column":57},"end":{"line":96,"column":199}},{"start":{"line":96,"column":57},"end":{"line":96,"column":199}}],"line":96},"48":{"loc":{"start":{"line":104,"column":32},"end":{"line":104,"column":86}},"type":"binary-expr","locations":[{"start":{"line":104,"column":32},"end":{"line":104,"column":38}},{"start":{"line":104,"column":32},"end":{"line":104,"column":86}}],"line":104},"49":{"loc":{"start":{"line":105,"column":95},"end":{"line":105,"column":null}},"type":"binary-expr","locations":[{"start":{"line":105,"column":95},"end":{"line":105,"column":108}},{"start":{"line":105,"column":108},"end":{"line":105,"column":null}}],"line":105},"50":{"loc":{"start":{"line":108,"column":74},"end":{"line":108,"column":89}},"type":"binary-expr","locations":[{"start":{"line":108,"column":74},"end":{"line":108,"column":87}},{"start":{"line":108,"column":74},"end":{"line":108,"column":89}}],"line":108},"51":{"loc":{"start":{"line":114,"column":32},"end":{"line":114,"column":86}},"type":"binary-expr","locations":[{"start":{"line":114,"column":32},"end":{"line":114,"column":38}},{"start":{"line":114,"column":32},"end":{"line":114,"column":86}}],"line":114},"52":{"loc":{"start":{"line":115,"column":95},"end":{"line":115,"column":null}},"type":"binary-expr","locations":[{"start":{"line":115,"column":95},"end":{"line":115,"column":106}},{"start":{"line":115,"column":106},"end":{"line":115,"column":null}}],"line":115},"53":{"loc":{"start":{"line":118,"column":74},"end":{"line":118,"column":87}},"type":"binary-expr","locations":[{"start":{"line":118,"column":74},"end":{"line":118,"column":85}},{"start":{"line":118,"column":74},"end":{"line":118,"column":87}}],"line":118},"54":{"loc":{"start":{"line":128,"column":99},"end":{"line":130,"column":25}},"type":"binary-expr","locations":[{"start":{"line":128,"column":99},"end":{"line":128,"column":null}},{"start":{"line":128,"column":99},"end":{"line":130,"column":25}}],"line":128},"55":{"loc":{"start":{"line":135,"column":32},"end":{"line":135,"column":121}},"type":"binary-expr","locations":[{"start":{"line":135,"column":32},"end":{"line":135,"column":39}},{"start":{"line":135,"column":32},"end":{"line":135,"column":121}}],"line":135},"56":{"loc":{"start":{"line":136,"column":84},"end":{"line":136,"column":97}},"type":"binary-expr","locations":[{"start":{"line":136,"column":84},"end":{"line":136,"column":95}},{"start":{"line":136,"column":84},"end":{"line":136,"column":97}}],"line":136},"57":{"loc":{"start":{"line":139,"column":32},"end":{"line":139,"column":125}},"type":"binary-expr","locations":[{"start":{"line":139,"column":32},"end":{"line":139,"column":39}},{"start":{"line":139,"column":32},"end":{"line":139,"column":125}}],"line":139},"58":{"loc":{"start":{"line":140,"column":84},"end":{"line":140,"column":99}},"type":"binary-expr","locations":[{"start":{"line":140,"column":84},"end":{"line":140,"column":97}},{"start":{"line":140,"column":84},"end":{"line":140,"column":99}}],"line":140},"59":{"loc":{"start":{"line":146,"column":32},"end":{"line":146,"column":123}},"type":"binary-expr","locations":[{"start":{"line":146,"column":32},"end":{"line":146,"column":39}},{"start":{"line":146,"column":32},"end":{"line":146,"column":123}}],"line":146},"60":{"loc":{"start":{"line":147,"column":84},"end":{"line":147,"column":95}},"type":"binary-expr","locations":[{"start":{"line":147,"column":84},"end":{"line":147,"column":93}},{"start":{"line":147,"column":84},"end":{"line":147,"column":95}}],"line":147},"61":{"loc":{"start":{"line":150,"column":32},"end":{"line":150,"column":116}},"type":"binary-expr","locations":[{"start":{"line":150,"column":32},"end":{"line":150,"column":39}},{"start":{"line":150,"column":32},"end":{"line":150,"column":116}}],"line":150},"62":{"loc":{"start":{"line":151,"column":84},"end":{"line":151,"column":96}},"type":"binary-expr","locations":[{"start":{"line":151,"column":84},"end":{"line":151,"column":94}},{"start":{"line":151,"column":84},"end":{"line":151,"column":96}}],"line":151},"63":{"loc":{"start":{"line":158,"column":32},"end":{"line":158,"column":101}},"type":"binary-expr","locations":[{"start":{"line":158,"column":32},"end":{"line":158,"column":39}},{"start":{"line":158,"column":32},"end":{"line":158,"column":101}}],"line":158},"64":{"loc":{"start":{"line":159,"column":60},"end":{"line":159,"column":null}},"type":"binary-expr","locations":[{"start":{"line":159,"column":60},"end":{"line":159,"column":62}},{"start":{"line":159,"column":60},"end":{"line":159,"column":null}}],"line":159},"65":{"loc":{"start":{"line":159,"column":73},"end":{"line":159,"column":null}},"type":"cond-expr","locations":[{"start":{"line":159,"column":81},"end":{"line":159,"column":null}},{"start":{"line":159,"column":81},"end":{"line":159,"column":null}}],"line":159},"66":{"loc":{"start":{"line":161,"column":44},"end":{"line":161,"column":null}},"type":"cond-expr","locations":[{"start":{"line":161,"column":52},"end":{"line":161,"column":null}},{"start":{"line":161,"column":52},"end":{"line":161,"column":null}}],"line":161},"67":{"loc":{"start":{"line":162,"column":39},"end":{"line":162,"column":null}},"type":"cond-expr","locations":[{"start":{"line":162,"column":47},"end":{"line":162,"column":null}},{"start":{"line":162,"column":47},"end":{"line":162,"column":null}}],"line":162},"68":{"loc":{"start":{"line":166,"column":32},"end":{"line":166,"column":101}},"type":"binary-expr","locations":[{"start":{"line":166,"column":32},"end":{"line":166,"column":39}},{"start":{"line":166,"column":32},"end":{"line":166,"column":101}}],"line":166},"69":{"loc":{"start":{"line":167,"column":60},"end":{"line":167,"column":null}},"type":"binary-expr","locations":[{"start":{"line":167,"column":60},"end":{"line":167,"column":62}},{"start":{"line":167,"column":60},"end":{"line":167,"column":null}}],"line":167},"70":{"loc":{"start":{"line":167,"column":72},"end":{"line":167,"column":null}},"type":"cond-expr","locations":[{"start":{"line":167,"column":79},"end":{"line":167,"column":null}},{"start":{"line":167,"column":79},"end":{"line":167,"column":null}}],"line":167},"71":{"loc":{"start":{"line":169,"column":44},"end":{"line":169,"column":null}},"type":"cond-expr","locations":[{"start":{"line":169,"column":51},"end":{"line":169,"column":null}},{"start":{"line":169,"column":51},"end":{"line":169,"column":null}}],"line":169},"72":{"loc":{"start":{"line":170,"column":39},"end":{"line":170,"column":null}},"type":"cond-expr","locations":[{"start":{"line":170,"column":46},"end":{"line":170,"column":null}},{"start":{"line":170,"column":46},"end":{"line":170,"column":null}}],"line":170},"73":{"loc":{"start":{"line":176,"column":28},"end":{"line":176,"column":104}},"type":"binary-expr","locations":[{"start":{"line":176,"column":28},"end":{"line":176,"column":35}},{"start":{"line":176,"column":28},"end":{"line":176,"column":104}}],"line":176},"74":{"loc":{"start":{"line":177,"column":56},"end":{"line":177,"column":null}},"type":"binary-expr","locations":[{"start":{"line":177,"column":56},"end":{"line":177,"column":58}},{"start":{"line":177,"column":56},"end":{"line":177,"column":null}}],"line":177},"75":{"loc":{"start":{"line":177,"column":82},"end":{"line":177,"column":null}},"type":"cond-expr","locations":[{"start":{"line":177,"column":103},"end":{"line":177,"column":null}},{"start":{"line":177,"column":103},"end":{"line":177,"column":null}}],"line":177},"76":{"loc":{"start":{"line":179,"column":40},"end":{"line":179,"column":null}},"type":"cond-expr","locations":[{"start":{"line":179,"column":61},"end":{"line":179,"column":null}},{"start":{"line":179,"column":61},"end":{"line":179,"column":null}}],"line":179},"77":{"loc":{"start":{"line":180,"column":35},"end":{"line":180,"column":null}},"type":"cond-expr","locations":[{"start":{"line":180,"column":56},"end":{"line":180,"column":null}},{"start":{"line":180,"column":56},"end":{"line":180,"column":null}}],"line":180},"78":{"loc":{"start":{"line":185,"column":28},"end":{"line":185,"column":122}},"type":"binary-expr","locations":[{"start":{"line":185,"column":28},"end":{"line":185,"column":35}},{"start":{"line":185,"column":28},"end":{"line":185,"column":122}}],"line":185},"79":{"loc":{"start":{"line":186,"column":78},"end":{"line":186,"column":93}},"type":"binary-expr","locations":[{"start":{"line":186,"column":78},"end":{"line":186,"column":91}},{"start":{"line":186,"column":78},"end":{"line":186,"column":93}}],"line":186},"80":{"loc":{"start":{"line":203,"column":16},"end":{"line":206,"column":25}},"type":"binary-expr","locations":[{"start":{"line":203,"column":16},"end":{"line":203,"column":24}},{"start":{"line":203,"column":16},"end":{"line":206,"column":25}}],"line":203},"81":{"loc":{"start":{"line":215,"column":23},"end":{"line":247,"column":29}},"type":"cond-expr","locations":[{"start":{"line":215,"column":12},"end":{"line":247,"column":29}}],"line":215},"82":{"loc":{"start":{"line":217,"column":22},"end":{"line":217,"column":null}},"type":"binary-expr","locations":[{"start":{"line":217,"column":22},"end":{"line":217,"column":24}},{"start":{"line":217,"column":22},"end":{"line":217,"column":null}}],"line":217},"83":{"loc":{"start":{"line":219,"column":26},"end":{"line":219,"column":null}},"type":"binary-expr","locations":[{"start":{"line":219,"column":26},"end":{"line":219,"column":31}},{"start":{"line":219,"column":26},"end":{"line":219,"column":null}}],"line":219},"84":{"loc":{"start":{"line":220,"column":34},"end":{"line":220,"column":null}},"type":"binary-expr","locations":[{"start":{"line":220,"column":34},"end":{"line":220,"column":36}},{"start":{"line":220,"column":34},"end":{"line":220,"column":null}}],"line":220},"85":{"loc":{"start":{"line":226,"column":32},"end":{"line":226,"column":null}},"type":"cond-expr","locations":[{"start":{"line":226,"column":48},"end":{"line":226,"column":null}},{"start":{"line":226,"column":48},"end":{"line":226,"column":null}}],"line":226},"86":{"loc":{"start":{"line":230,"column":20},"end":{"line":230,"column":113}},"type":"binary-expr","locations":[{"start":{"line":230,"column":20},"end":{"line":230,"column":24}},{"start":{"line":230,"column":20},"end":{"line":230,"column":113}}],"line":230},"87":{"loc":{"start":{"line":231,"column":20},"end":{"line":232,"column":24}},"type":"binary-expr","locations":[{"start":{"line":231,"column":20},"end":{"line":231,"column":23}},{"start":{"line":231,"column":20},"end":{"line":232,"column":24}}],"line":231},"88":{"loc":{"start":{"line":235,"column":32},"end":{"line":235,"column":null}},"type":"cond-expr","locations":[{"start":{"line":235,"column":48},"end":{"line":235,"column":null}},{"start":{"line":235,"column":48},"end":{"line":235,"column":null}}],"line":235},"89":{"loc":{"start":{"line":236,"column":46},"end":{"line":236,"column":77}},"type":"binary-expr","locations":[{"start":{"line":236,"column":46},"end":{"line":236,"column":52}},{"start":{"line":236,"column":46},"end":{"line":236,"column":77}}],"line":236},"90":{"loc":{"start":{"line":240,"column":32},"end":{"line":240,"column":null}},"type":"cond-expr","locations":[{"start":{"line":240,"column":48},"end":{"line":240,"column":null}},{"start":{"line":240,"column":48},"end":{"line":240,"column":null}}],"line":240},"91":{"loc":{"start":{"line":241,"column":27},"end":{"line":241,"column":null}},"type":"cond-expr","locations":[{"start":{"line":241,"column":43},"end":{"line":241,"column":null}},{"start":{"line":241,"column":43},"end":{"line":241,"column":null}}],"line":241},"92":{"loc":{"start":{"line":244,"column":34},"end":{"line":244,"column":null}},"type":"binary-expr","locations":[{"start":{"line":244,"column":34},"end":{"line":244,"column":36}},{"start":{"line":244,"column":34},"end":{"line":244,"column":null}}],"line":244}},"s":{"0":3,"1":3,"2":3,"3":3,"4":3,"5":3,"6":3,"7":3,"8":3,"9":3,"10":3,"11":3,"12":3,"13":3,"14":3,"15":3,"16":3,"17":3,"18":3,"19":3,"20":3,"21":3,"22":1,"23":0,"24":1,"25":3,"26":3,"27":3,"28":0,"29":0,"30":0,"31":0,"32":3,"33":3,"34":3,"35":3,"36":3,"37":3,"38":3,"39":3,"40":3,"41":0,"42":3,"43":3,"44":3,"45":3,"46":3,"47":3,"48":3,"49":3,"50":3,"51":3,"52":1,"53":1,"54":1,"55":1,"56":1,"57":15,"58":1,"59":1,"60":1,"61":1,"62":1,"63":1,"64":1,"65":1,"66":1,"67":1,"68":1,"69":1,"70":1,"71":1,"72":1,"73":1,"74":1,"75":1,"76":1,"77":1,"78":1,"79":1,"80":1,"81":1,"82":1,"83":1,"84":1,"85":1,"86":1,"87":1,"88":1,"89":1,"90":1,"91":1,"92":1,"93":1,"94":1,"95":1,"96":4,"97":1,"98":0,"99":0,"100":0,"101":0,"102":0,"103":0,"104":0,"105":0,"106":0,"107":0,"108":0,"109":0,"110":0,"111":0,"112":0,"113":0,"114":0,"115":0,"116":4,"117":0,"118":0,"119":0},"f":{"0":1,"1":3,"2":3,"3":0,"4":3,"5":1,"6":1,"7":15,"8":1,"9":0,"10":0,"11":0,"12":0,"13":0,"14":0,"15":0,"16":0,"17":0,"18":0,"19":0,"20":0,"21":0,"22":0,"23":0,"24":0,"25":0,"26":0,"27":4,"28":0,"29":0,"30":0,"31":0},"b":{"0":[0,1],"1":[3,0],"2":[0,0],"3":[3,0],"4":[0,3],"5":[1,0],"6":[1,1],"7":[1,1],"8":[1,1],"9":[1,1],"10":[1,1],"11":[1,1],"12":[1,1],"13":[1,1],"14":[1,1],"15":[1,1],"16":[1,0],"17":[1,1],"18":[1,1],"19":[1,1],"20":[1,0],"21":[1,1,1],"22":[4,3],"23":[4,3],"24":[4,3],"25":[4,3],"26":[4,3],"27":[4,3],"28":[0,4],"29":[4,3],"30":[0,4],"31":[4,3],"32":[0,4],"33":[4,3],"34":[4,3],"35":[0,4],"36":[4,3],"37":[4,3],"38":[4,3],"39":[4,3],"40":[4,3],"41":[4,3],"42":[4,3],"43":[0,4],"44":[4,3],"45":[0,4],"46":[4,3],"47":[0,4],"48":[4,3],"49":[4,4],"50":[4,3],"51":[4,3],"52":[4,0],"53":[4,3],"54":[4,3],"55":[4,3],"56":[4,3],"57":[4,3],"58":[4,3],"59":[4,3],"60":[4,3],"61":[4,3],"62":[4,3],"63":[4,3],"64":[4,3],"65":[0,0],"66":[0,4],"67":[0,4],"68":[4,3],"69":[4,3],"70":[0,0],"71":[0,4],"72":[0,4],"73":[4,3],"74":[4,3],"75":[0,0],"76":[0,4],"77":[0,4],"78":[4,3],"79":[4,3],"80":[4,3],"81":[1],"82":[1,1],"83":[1,1],"84":[1,1],"85":[0,1],"86":[1,1],"87":[1,1],"88":[0,1],"89":[1,1],"90":[0,1],"91":[0,1],"92":[1,1]},"meta":{"lastBranch":0,"lastFunction":0,"lastStatement":0,"seen":{},"fnNames":{}}}
,"/home/pp/Escritorio/Proyectos/sipc/app/components/Header.vue": {"path":"/home/pp/Escritorio/Proyectos/sipc/app/components/Header.vue","statementMap":{"0":{"start":{"line":29,"column":16},"end":{"line":29,"column":30}},"1":{"start":{"line":30,"column":14},"end":{"line":30,"column":45}},"2":{"start":{"line":36,"column":20},"end":{"line":42,"column":1}},"3":{"start":{"line":37,"column":19},"end":{"line":37,"column":63}},"4":{"start":{"line":38,"column":2},"end":{"line":38,"column":null}},"5":{"start":{"line":39,"column":2},"end":{"line":41,"column":null}},"6":{"start":{"line":40,"column":4},"end":{"line":40,"column":null}},"7":{"start":{"line":44,"column":0},"end":{"line":60,"column":null}},"8":{"start":{"line":45,"column":22},"end":{"line":45,"column":79}},"9":{"start":{"line":48,"column":2},"end":{"line":59,"column":null}},"10":{"start":{"line":49,"column":23},"end":{"line":49,"column":52}},"11":{"start":{"line":50,"column":4},"end":{"line":53,"column":null}},"12":{"start":{"line":52,"column":6},"end":{"line":52,"column":null}},"13":{"start":{"line":55,"column":26},"end":{"line":55,"column":56}},"14":{"start":{"line":57,"column":4},"end":{"line":57,"column":null}},"15":{"start":{"line":58,"column":4},"end":{"line":58,"column":null}},"16":{"start":{"line":62,"column":0},"end":{"line":74,"column":null}},"17":{"start":{"line":63,"column":2},"end":{"line":63,"column":null}},"18":{"start":{"line":65,"column":2},"end":{"line":73,"column":null}},"19":{"start":{"line":66,"column":4},"end":{"line":72,"column":null}},"20":{"start":{"line":67,"column":6},"end":{"line":67,"column":null}},"21":{"start":{"line":68,"column":6},"end":{"line":68,"column":null}},"22":{"start":{"line":70,"column":6},"end":{"line":70,"column":null}},"23":{"start":{"line":71,"column":6},"end":{"line":71,"column":null}},"24":{"start":{"line":2,"column":10},"end":{"line":2,"column":null}},"25":{"start":{"line":2,"column":2},"end":{"line":20,"column":98}}},"fnMap":{"0":{"name":"(anonymous_0)","decl":{"start":{"line":36,"column":20},"end":{"line":36,"column":21}},"loc":{"start":{"line":36,"column":26},"end":{"line":42,"column":1}},"line":36},"1":{"name":"(anonymous_1)","decl":{"start":{"line":44,"column":10},"end":{"line":44,"column":11}},"loc":{"start":{"line":44,"column":16},"end":{"line":60,"column":1}},"line":44},"2":{"name":"(anonymous_2)","decl":{"start":{"line":62,"column":12},"end":{"line":62,"column":13}},"loc":{"start":{"line":62,"column":18},"end":{"line":74,"column":1}},"line":62}},"branchMap":{"0":{"loc":{"start":{"line":37,"column":19},"end":{"line":37,"column":63}},"type":"cond-expr","locations":[{"start":{"line":37,"column":47},"end":{"line":37,"column":54}},{"start":{"line":37,"column":57},"end":{"line":37,"column":63}}],"line":37},"1":{"loc":{"start":{"line":39,"column":2},"end":{"line":41,"column":null}},"type":"if","locations":[{"start":{"line":39,"column":2},"end":{"line":41,"column":null}},{"start":{},"end":{}}],"line":39},"2":{"loc":{"start":{"line":48,"column":2},"end":{"line":59,"column":null}},"type":"if","locations":[{"start":{"line":48,"column":2},"end":{"line":59,"column":null}},{"start":{"line":54,"column":9},"end":{"line":59,"column":null}}],"line":48},"3":{"loc":{"start":{"line":50,"column":4},"end":{"line":53,"column":null}},"type":"if","locations":[{"start":{"line":50,"column":4},"end":{"line":53,"column":null}},{"start":{},"end":{}}],"line":50},"4":{"loc":{"start":{"line":50,"column":8},"end":{"line":50,"column":55}},"type":"binary-expr","locations":[{"start":{"line":50,"column":8},"end":{"line":50,"column":29}},{"start":{"line":50,"column":33},"end":{"line":50,"column":55}}],"line":50},"5":{"loc":{"start":{"line":55,"column":26},"end":{"line":55,"column":56}},"type":"cond-expr","locations":[{"start":{"line":55,"column":40},"end":{"line":55,"column":46}},{"start":{"line":55,"column":49},"end":{"line":55,"column":56}}],"line":55},"6":{"loc":{"start":{"line":65,"column":2},"end":{"line":73,"column":null}},"type":"if","locations":[{"start":{"line":65,"column":2},"end":{"line":73,"column":null}},{"start":{},"end":{}}],"line":65},"7":{"loc":{"start":{"line":66,"column":4},"end":{"line":72,"column":null}},"type":"if","locations":[{"start":{"line":66,"column":4},"end":{"line":72,"column":null}},{"start":{"line":69,"column":11},"end":{"line":72,"column":null}}],"line":66},"8":{"loc":{"start":{"line":19,"column":18},"end":{"line":20,"column":98}},"type":"cond-expr","locations":[{"start":{"line":19,"column":6},"end":{"line":19,"column":105}},{"start":{"line":20,"column":6},"end":{"line":20,"column":98}}],"line":19}},"s":{"0":1,"1":1,"2":1,"3":0,"4":0,"5":0,"6":0,"7":1,"8":1,"9":1,"10":0,"11":0,"12":0,"13":1,"14":1,"15":1,"16":1,"17":1,"18":1,"19":1,"20":0,"21":0,"22":1,"23":1,"24":1,"25":1},"f":{"0":0,"1":1,"2":1},"b":{"0":[0,0],"1":[0,0],"2":[0,1],"3":[0,0],"4":[0,0],"5":[0,1],"6":[1,0],"7":[0,1],"8":[0,1]},"meta":{"lastBranch":9,"lastFunction":3,"lastStatement":26,"seen":{"s:29:16:29:30":0,"s:30:14:30:45":1,"s:36:20:42:1":2,"f:36:20:36:21":0,"s:37:19:37:63":3,"b:37:47:37:54:37:57:37:63":0,"s:38:2:38:Infinity":4,"b:39:2:41:Infinity:undefined:undefined:undefined:undefined":1,"s:39:2:41:Infinity":5,"s:40:4:40:Infinity":6,"s:44:0:60:Infinity":7,"f:44:10:44:11":1,"s:45:22:45:79":8,"b:48:2:59:Infinity:54:9:59:Infinity":2,"s:48:2:59:Infinity":9,"s:49:23:49:52":10,"b:50:4:53:Infinity:undefined:undefined:undefined:undefined":3,"s:50:4:53:Infinity":11,"b:50:8:50:29:50:33:50:55":4,"s:52:6:52:Infinity":12,"s:55:26:55:56":13,"b:55:40:55:46:55:49:55:56":5,"s:57:4:57:Infinity":14,"s:58:4:58:Infinity":15,"s:62:0:74:Infinity":16,"f:62:12:62:13":2,"s:63:2:63:Infinity":17,"b:65:2:73:Infinity:undefined:undefined:undefined:undefined":6,"s:65:2:73:Infinity":18,"b:66:4:72:Infinity:69:11:72:Infinity":7,"s:66:4:72:Infinity":19,"s:67:6:67:Infinity":20,"s:68:6:68:Infinity":21,"s:70:6:70:Infinity":22,"s:71:6:71:Infinity":23,"s:2:10:2:Infinity":24,"s:2:2:20:98":25,"b:19:6:19:105:20:6:20:98":8},"fnNames":{}}}
,"/home/pp/Escritorio/Proyectos/sipc/app/components/NavBar.vue": {"path":"/home/pp/Escritorio/Proyectos/sipc/app/components/NavBar.vue","statementMap":{"0":{"start":{"line":2,"column":2},"end":{"line":2,"column":50}},"1":{"start":{"line":2,"column":25},"end":{"line":2,"column":50}}},"fnMap":{"0":{"name":"(anonymous_0)","decl":{"start":{"line":2,"column":23},"end":{"line":2,"column":25}},"loc":{"start":{"line":2,"column":25},"end":{"line":2,"column":50}},"line":2}},"branchMap":{"0":{"loc":{"start":{"line":2,"column":23},"end":{"line":2,"column":50}},"type":"binary-expr","locations":[{"start":{"line":2,"column":23},"end":{"line":2,"column":25}},{"start":{"line":2,"column":23},"end":{"line":2,"column":50}}],"line":2}},"s":{"0":1,"1":0},"f":{"0":0},"b":{"0":[1,1]},"meta":{"lastBranch":1,"lastFunction":1,"lastStatement":2,"seen":{"s:2:2:2:50":0,"b:2:23:2:25:2:23:2:50":0,"f:2:23:2:25":0,"s:2:25:2:50":1},"fnNames":{}}}
,"/home/pp/Escritorio/Proyectos/sipc/app/components/Title.vue": {"path":"/home/pp/Escritorio/Proyectos/sipc/app/components/Title.vue","statementMap":{"0":{"start":{"line":2,"column":9},"end":{"line":2,"column":null}},"1":{"start":{"line":2,"column":4},"end":{"line":3,"column":105}}},"fnMap":{},"branchMap":{"0":{"loc":{"start":{"line":4,"column":10},"end":{"line":3,"column":105}},"type":"binary-expr","locations":[{"start":{"line":4,"column":10},"end":{"line":4,"column":null}},{"start":{"line":4,"column":10},"end":{"line":3,"column":105}}],"line":4}},"s":{"0":1,"1":1},"f":{},"b":{"0":[1,1]},"meta":{"lastBranch":0,"lastFunction":0,"lastStatement":0,"seen":{},"fnNames":{}}}
}
